<?xml version="1.0" encoding="UTF-8"?>
<testng-results skipped="0" failed="0" total="1" passed="1">
  <reporter-output>
  </reporter-output>
  <suite name="Default suite" duration-ms="17360" started-at="2017-03-31T08:36:55Z" finished-at="2017-03-31T08:37:12Z">
    <groups>
    </groups>
    <test name="Default test" duration-ms="17360" started-at="2017-03-31T08:36:55Z" finished-at="2017-03-31T08:37:12Z">
      <class name="examples.NewTest">
        <test-method status="PASS" signature="beforeTest()[pri:0, instance:examples.NewTest@215be6bb]" name="beforeTest" is-config="true" duration-ms="3054" started-at="2017-03-31T14:06:55Z" finished-at="2017-03-31T14:06:58Z">
          <reporter-output>
          </reporter-output>
        </test-method> <!-- beforeTest -->
        <test-method status="PASS" signature="testEasy()[pri:0, instance:examples.NewTest@215be6bb]" name="testEasy" duration-ms="13452" started-at="2017-03-31T14:06:58Z" finished-at="2017-03-31T14:07:11Z">
          <reporter-output>
          </reporter-output>
        </test-method> <!-- testEasy -->
        <test-method status="PASS" signature="afterTest()[pri:0, instance:examples.NewTest@215be6bb]" name="afterTest" is-config="true" duration-ms="840" started-at="2017-03-31T14:07:11Z" finished-at="2017-03-31T14:07:12Z">
          <reporter-output>
          </reporter-output>
        </test-method> <!-- afterTest -->
      </class> <!-- examples.NewTest -->
    </test> <!-- Default test -->
  </suite> <!-- Default suite -->
</testng-results>
