<?xml version="1.0" encoding="UTF-8"?>
<testng-results skipped="0" failed="0" total="1" passed="1">
  <reporter-output>
  </reporter-output>
  <suite name="Suite" duration-ms="25732" started-at="2017-04-01T18:22:09Z" finished-at="2017-04-01T18:22:34Z">
    <groups>
    </groups>
    <test name="Test" duration-ms="25732" started-at="2017-04-01T18:22:09Z" finished-at="2017-04-01T18:22:34Z">
      <class name="examples.NewTest">
        <test-method status="PASS" signature="beforeTest()[pri:0, instance:examples.NewTest@6e5a5b6b]" name="beforeTest" is-config="true" duration-ms="2677" started-at="2017-04-01T23:52:09Z" finished-at="2017-04-01T23:52:11Z">
          <reporter-output>
          </reporter-output>
        </test-method> <!-- beforeTest -->
        <test-method status="PASS" signature="testEasy()[pri:0, instance:examples.NewTest@6e5a5b6b]" name="testEasy" duration-ms="22207" started-at="2017-04-01T23:52:11Z" finished-at="2017-04-01T23:52:34Z">
          <reporter-output>
          </reporter-output>
        </test-method> <!-- testEasy -->
        <test-method status="PASS" signature="afterTest()[pri:0, instance:examples.NewTest@6e5a5b6b]" name="afterTest" is-config="true" duration-ms="838" started-at="2017-04-01T23:52:34Z" finished-at="2017-04-01T23:52:34Z">
          <reporter-output>
          </reporter-output>
        </test-method> <!-- afterTest -->
      </class> <!-- examples.NewTest -->
    </test> <!-- Test -->
  </suite> <!-- Suite -->
</testng-results>
